2016-05-01 16:52:02,583 - root - INFO - Line: 53
__main__.py Started
2016-05-01 16:52:02,583 - md5 - INFO - Line: 6
Message requires padding (not on 512-bit) boundary
2016-05-01 16:52:02,584 - root - INFO - Line: 55
__main__.py Ended
2016-05-01 16:52:02,584 - root - INFO - Line: 56
Total running time in seconds: 0.00
2016-05-01 16:52:41,425 - root - INFO - Line: 53
__main__.py Started
2016-05-01 16:52:41,426 - md5 - INFO - Line: 6
	Message requires padding (not on 512-bit) boundary
2016-05-01 16:52:41,426 - root - INFO - Line: 55
__main__.py Ended
2016-05-01 16:52:41,426 - root - INFO - Line: 56
Total running time in seconds: 0.00
2016-05-01 16:54:19,331 - root - INFO - Line: 53
__main__.py Started
2016-05-01 16:54:19,332 - md5 - INFO - Line: 6
	Message of len(4) requires padding (not on 512-bit) boundary
2016-05-01 16:54:19,332 - root - INFO - Line: 55
__main__.py Ended
2016-05-01 16:54:19,332 - root - INFO - Line: 56
Total running time in seconds: 0.00
2016-05-01 17:08:52,851 - root - INFO - Line: 56
__main__.py Started
2016-05-01 17:08:52,851 - md5 - DEBUG - Line: 7
Entering md5.py_pad
2016-05-01 17:08:52,851 - md5 - INFO - Line: 10
	Message of len(10) requires padding (not on 512-bit) boundary
2016-05-01 17:08:52,852 - root - INFO - Line: 58
__main__.py Ended
2016-05-01 17:08:52,852 - root - INFO - Line: 59
Total running time in seconds: 0.00
2016-05-01 17:09:33,360 - root - INFO - Line: 56
__main__.py Started
2016-05-01 17:09:33,360 - md5 - DEBUG - Line: 7
Entering md5.py_pad
2016-05-01 17:09:33,361 - md5 - INFO - Line: 11
	Message of len(10) requires padding (not on 512-bit) boundary
2016-05-01 17:09:33,361 - root - INFO - Line: 58
__main__.py Ended
2016-05-01 17:09:33,361 - root - INFO - Line: 59
Total running time in seconds: 0.00
2016-05-01 17:10:03,603 - root - INFO - Line: 56
__main__.py Started
2016-05-01 17:10:03,603 - md5 - DEBUG - Line: 7
Entering md5.py_pad
2016-05-01 17:10:03,604 - md5 - INFO - Line: 9
0xdeadbeef
2016-05-01 17:10:03,604 - md5 - INFO - Line: 11
	Message of len(10) requires padding (not on 512-bit) boundary
2016-05-01 17:10:03,604 - root - INFO - Line: 58
__main__.py Ended
2016-05-01 17:10:03,604 - root - INFO - Line: 59
Total running time in seconds: 0.00
2016-05-01 17:10:10,390 - root - INFO - Line: 56
__main__.py Started
2016-05-01 17:10:10,390 - md5 - DEBUG - Line: 7
Entering md5.py_pad
2016-05-01 17:10:10,391 - md5 - INFO - Line: 9
0xdeadbeef
2016-05-01 17:10:10,391 - md5 - INFO - Line: 11
	Message of len(10) requires padding (not on 512-bit) boundary
2016-05-01 17:10:10,392 - root - INFO - Line: 58
__main__.py Ended
2016-05-01 17:10:10,392 - root - INFO - Line: 59
Total running time in seconds: 0.00
2016-05-01 17:11:01,912 - root - INFO - Line: 56
__main__.py Started
2016-05-01 17:11:01,912 - md5 - DEBUG - Line: 7
Entering md5.py_pad
2016-05-01 17:11:01,913 - md5 - INFO - Line: 9
11011110101011011011111011101111
2016-05-01 17:11:01,913 - md5 - INFO - Line: 11
	Message of len(10) requires padding (not on 512-bit) boundary
2016-05-01 17:11:01,914 - root - INFO - Line: 58
__main__.py Ended
2016-05-01 17:11:01,914 - root - INFO - Line: 59
Total running time in seconds: 0.00
2016-05-01 17:11:21,761 - root - INFO - Line: 56
__main__.py Started
2016-05-01 17:11:21,761 - md5 - DEBUG - Line: 7
	Entering md5.py_pad
2016-05-01 17:11:21,762 - md5 - INFO - Line: 10
	Message of len(10) requires padding (not on 512-bit) boundary
2016-05-01 17:11:21,762 - root - INFO - Line: 58
__main__.py Ended
2016-05-01 17:11:21,762 - root - INFO - Line: 59
Total running time in seconds: 0.00
2016-05-01 17:11:39,639 - root - INFO - Line: 56
__main__.py Started
2016-05-01 17:11:39,640 - md5 - DEBUG - Line: 7
	Entering md5.py_pad
2016-05-01 17:11:39,640 - md5 - DEBUG - Line: 9
	 11011110101011011011111011101111
2016-05-01 17:11:39,640 - md5 - INFO - Line: 11
	Message of len(10) requires padding (not on 512-bit) boundary
2016-05-01 17:11:39,641 - root - INFO - Line: 58
__main__.py Ended
2016-05-01 17:11:39,641 - root - INFO - Line: 59
Total running time in seconds: 0.00
2016-05-01 17:13:33,266 - root - INFO - Line: 56
__main__.py Started
2016-05-01 17:13:33,266 - md5 - DEBUG - Line: 7
	Entering md5.py_pad
2016-05-01 17:13:33,267 - md5 - DEBUG - Line: 9
	 11011110101011011011111011101111
2016-05-01 17:13:33,267 - md5 - INFO - Line: 11
	Message of len(32) requires padding (not on 512-bit) boundary
2016-05-01 17:13:33,267 - root - INFO - Line: 58
__main__.py Ended
2016-05-01 17:13:33,267 - root - INFO - Line: 59
Total running time in seconds: 0.00
2016-05-01 17:14:03,493 - root - INFO - Line: 56
__main__.py Started
2016-05-01 17:14:03,493 - md5 - DEBUG - Line: 7
	Entering md5.py_pad
2016-05-01 17:14:03,493 - md5 - DEBUG - Line: 9
	 11011110101011011011111011101111
2016-05-01 17:14:03,494 - md5 - INFO - Line: 11
	Message of len(32) requires padding (not on 512-bit) boundary
2016-05-01 17:14:03,494 - root - INFO - Line: 58
__main__.py Ended
2016-05-01 17:14:03,494 - root - INFO - Line: 59
Total running time in seconds: 0.00
2016-05-01 17:15:31,759 - root - INFO - Line: 56
__main__.py Started
2016-05-01 17:15:31,760 - md5 - DEBUG - Line: 7
	Entering md5.py_pad
2016-05-01 17:15:31,760 - md5 - DEBUG - Line: 9
	 11011110101011011011111011101111
2016-05-01 17:15:31,761 - md5 - INFO - Line: 11
	Message of len(32) requires padding (not on 512-bit) boundary
2016-05-01 17:15:37,741 - root - INFO - Line: 56
__main__.py Started
2016-05-01 17:15:37,742 - md5 - DEBUG - Line: 7
	Entering md5.py_pad
2016-05-01 17:15:37,742 - md5 - DEBUG - Line: 9
	 11011110101011011011111011101111
2016-05-01 17:15:37,742 - md5 - INFO - Line: 11
	Message of len(32) requires padding (not on 512-bit) boundary
2016-05-01 17:15:37,742 - md5 - INFO - Line: 13
	110111101010110110111110111011111
2016-05-01 17:15:37,743 - root - INFO - Line: 58
__main__.py Ended
2016-05-01 17:15:37,743 - root - INFO - Line: 59
Total running time in seconds: 0.00
2016-05-01 17:15:50,626 - root - INFO - Line: 56
__main__.py Started
2016-05-01 17:15:50,627 - md5 - DEBUG - Line: 7
	Entering md5.py_pad
2016-05-01 17:15:50,628 - md5 - DEBUG - Line: 9
	 11011110101011011011111011101111
2016-05-01 17:15:50,628 - md5 - INFO - Line: 11
	Message of len(32) requires padding (not on 512-bit) boundary
2016-05-01 17:16:28,145 - root - INFO - Line: 56
__main__.py Started
2016-05-01 17:16:28,145 - md5 - DEBUG - Line: 7
	Entering md5.py_pad
2016-05-01 17:16:28,145 - md5 - DEBUG - Line: 9
	 11011110101011011011111011101111
2016-05-01 17:16:28,146 - md5 - INFO - Line: 11
	Message of len(32) requires padding (not on 512-bit) boundary
2016-05-01 17:16:28,146 - md5 - INFO - Line: 13
	110111101010110110111110111011111
2016-05-01 17:16:28,146 - root - INFO - Line: 58
__main__.py Ended
2016-05-01 17:16:28,146 - root - INFO - Line: 59
Total running time in seconds: 0.00
2016-05-01 17:29:32,678 - root - INFO - Line: 56
__main__.py Started
2016-05-01 17:29:32,679 - md5 - DEBUG - Line: 7
	Entering md5.py_pad
2016-05-01 17:29:32,679 - md5 - DEBUG - Line: 9
	 11011110101011011011111011101111
2016-05-01 17:29:32,679 - md5 - INFO - Line: 11
	Message of len(32) requires padding (not on 512-bit) boundary
2016-05-01 17:29:32,684 - md5 - INFO - Line: 18
	1101111010101101101111101110111110000000000000000000000000000000000000000000000000000000000000000000000000000000000000000000000000000000000000000000000000000000000000000000000000000000000000000000000000000000000000000000000000000000000000000000000000000000000000000000000000000000000000000000000000000000000000000000000000000000000000000000000000000000000000000000000000000000000000000000000000000000000000000000000000000000000000000000000000000000
2016-05-01 17:29:32,686 - root - INFO - Line: 58
__main__.py Ended
2016-05-01 17:29:32,686 - root - INFO - Line: 59
Total running time in seconds: 0.01
2016-05-01 17:30:35,328 - root - INFO - Line: 56
__main__.py Started
2016-05-01 17:30:35,328 - md5 - DEBUG - Line: 7
	Entering md5.py_pad
2016-05-01 17:30:35,329 - md5 - DEBUG - Line: 9
	 11011110101011011011111011101111
2016-05-01 17:30:35,330 - md5 - INFO - Line: 11
	Message of len(32) requires padding (not on 512-bit) boundary
2016-05-01 17:30:35,333 - md5 - INFO - Line: 18
	1101111010101101101111101110111110000000000000000000000000000000000000000000000000000000000000000000000000000000000000000000000000000000000000000000000000000000000000000000000000000000000000000000000000000000000000000000000000000000000000000000000000000000000000000000000000000000000000000000000000000000000000000000000000000000000000000000000000000000000000000000000000000000000000000000000000000000000000000000000000000000000000000000000000000000 len: 448
2016-05-01 17:30:35,335 - root - INFO - Line: 58
__main__.py Ended
2016-05-01 17:30:35,336 - root - INFO - Line: 59
Total running time in seconds: 0.01
2016-05-01 17:33:40,637 - root - INFO - Line: 56
__main__.py Started
2016-05-01 17:33:40,637 - md5 - DEBUG - Line: 7
	Entering md5.py_pad
2016-05-01 17:33:40,637 - md5 - DEBUG - Line: 10
	 11011110101011011011111011101111
2016-05-01 17:33:40,638 - md5 - INFO - Line: 12
	Message of len(32) requires padding (not on 512-bit) boundary
2016-05-01 17:33:57,239 - root - INFO - Line: 56
__main__.py Started
2016-05-01 17:33:57,240 - md5 - DEBUG - Line: 7
	Entering md5.py_pad
2016-05-01 17:33:57,240 - md5 - DEBUG - Line: 10
	 11011110101011011011111011101111
2016-05-01 17:33:57,240 - md5 - INFO - Line: 12
	Message of len(32) requires padding (not on 512-bit) boundary
2016-05-01 17:33:57,244 - md5 - INFO - Line: 19
	110111101010110110111110111011111000000000000000000000000000000000000000000000000000000000000000000000000000000000000000000000000000000000000000000000000000000000000000000000000000000000000000000000000000000000000000000000000000000000000000000000000000000000000000000000000000000000000000000000000000000000000000000000000000000000000000000000000000000000000000000000000000000000000000000000000000000000000000000000000000000000000000000000000000000000000000000000000000000000000000 len: 480
2016-05-01 17:33:57,248 - root - INFO - Line: 58
__main__.py Ended
2016-05-01 17:33:57,248 - root - INFO - Line: 59
Total running time in seconds: 0.01
2016-05-01 17:37:34,699 - root - INFO - Line: 56
__main__.py Started
2016-05-01 17:37:34,700 - md5 - DEBUG - Line: 7
	Entering md5.py_pad
2016-05-01 17:37:34,700 - md5 - DEBUG - Line: 10
	 11011110101011011011111011101111
2016-05-01 17:37:34,700 - md5 - INFO - Line: 12
	Message of len(32) requires padding (not on 512-bit) boundary
2016-05-01 17:40:11,431 - root - INFO - Line: 56
__main__.py Started
2016-05-01 17:40:11,432 - md5 - DEBUG - Line: 7
	Entering md5.py_pad
2016-05-01 17:40:11,432 - md5 - DEBUG - Line: 10
	 11011110101011011011111011101111
2016-05-01 17:40:11,432 - md5 - INFO - Line: 12
	Message of len(32) requires padding (not on 512-bit) boundary
2016-05-01 17:43:19,169 - root - INFO - Line: 56
__main__.py Started
2016-05-01 17:43:19,170 - md5 - DEBUG - Line: 7
	Entering md5.py_pad
2016-05-01 17:43:19,170 - md5 - DEBUG - Line: 10
	 11011110101011011011111011101111
2016-05-01 17:43:19,171 - md5 - INFO - Line: 12
	Message of len(32) requires padding (not on 512-bit) boundary
2016-05-01 17:43:31,822 - root - INFO - Line: 56
__main__.py Started
2016-05-01 17:43:31,822 - md5 - DEBUG - Line: 7
	Entering md5.py_pad
2016-05-01 17:43:31,823 - md5 - DEBUG - Line: 10
	 11011110101011011011111011101111
2016-05-01 17:43:31,823 - md5 - INFO - Line: 12
	Message of len(32) requires padding (not on 512-bit) boundary
2016-05-01 17:43:40,107 - root - INFO - Line: 56
__main__.py Started
2016-05-01 17:43:40,107 - md5 - DEBUG - Line: 7
	Entering md5.py_pad
2016-05-01 17:43:40,108 - md5 - DEBUG - Line: 10
	 11011110101011011011111011101111
2016-05-01 17:43:40,108 - md5 - INFO - Line: 12
	Message of len(32) requires padding (not on 512-bit) boundary
2016-05-01 17:48:56,121 - root - INFO - Line: 56
__main__.py Started
2016-05-01 17:48:56,121 - md5 - DEBUG - Line: 7
	Entering md5.py_pad
2016-05-01 17:48:56,121 - md5 - DEBUG - Line: 10
	 11011110101011011011111011101111
2016-05-01 17:48:56,122 - md5 - INFO - Line: 12
	Message of len(32) requires padding (not on 512-bit) boundary
2016-05-01 17:49:09,101 - root - INFO - Line: 56
__main__.py Started
2016-05-01 17:49:09,102 - md5 - DEBUG - Line: 7
	Entering md5.py_pad
2016-05-01 17:49:09,102 - md5 - DEBUG - Line: 10
	 11011110101011011011111011101111
2016-05-01 17:49:09,102 - md5 - INFO - Line: 12
	Message of len(32) requires padding (not on 512-bit) boundary
2016-05-01 17:49:19,463 - root - INFO - Line: 56
__main__.py Started
2016-05-01 17:49:19,463 - md5 - DEBUG - Line: 7
	Entering md5.py_pad
2016-05-01 17:49:19,464 - md5 - DEBUG - Line: 10
	 11011110101011011011111011101111
2016-05-01 17:49:19,464 - md5 - INFO - Line: 12
	Message of len(32) requires padding (not on 512-bit) boundary
2016-05-01 17:49:19,467 - md5 - INFO - Line: 20
	110111101010110110111110111011111000000000000000000000000000000000000000000000000000000000000000000000000000000000000000000000000000000000000000000000000000000000000000000000000000000000000000000000000000000000000000000000000000000000000000000000000000000000000000000000000000000000000000000000000000000000000000000000000000000000000000000000000000000000000000000000000000000000000000000000000000000000000000000000000000000000000000000000000000000000000000000000000000000000000000 len: 480
2016-05-01 17:49:19,471 - root - INFO - Line: 58
__main__.py Ended
2016-05-01 17:49:19,471 - root - INFO - Line: 59
Total running time in seconds: 0.01
2016-05-01 17:54:49,103 - root - INFO - Line: 56
__main__.py Started
2016-05-01 17:54:49,103 - md5 - DEBUG - Line: 7
	Entering md5.py_pad
2016-05-01 17:54:49,104 - md5 - DEBUG - Line: 10
	 11011110101011011011111011101111
2016-05-01 17:54:49,104 - md5 - INFO - Line: 12
	Message of len(32) requires padding (not on 512-bit) boundary
2016-05-01 17:54:49,107 - md5 - INFO - Line: 20
	11011110101011011011111011101111100000000000000000000000000000000000000000000000000000000000000000000000000000000000000000000000000000000000000000000000000000000000000000000000000000000000000000000000000000000000000000000000000000000000000000000000000000000000000000000000000000000000000000000000000000000000000000000000000000000000000000000000000000000000000000000000000000000000000000000000000000000000000000000000000000000000000000000000000000000000000000000000000000000000000000000000000000000000000000100000 len: 512
2016-05-01 17:54:49,111 - root - INFO - Line: 58
__main__.py Ended
2016-05-01 17:54:49,111 - root - INFO - Line: 59
Total running time in seconds: 0.01
